<?xml version="1.0" encoding="UTF-8"?>
<testsuite xmlns:xsi="http://www.w3.org/2001/XMLSchema-instance" xsi:noNamespaceSchemaLocation="https://maven.apache.org/surefire/maven-surefire-plugin/xsd/surefire-test-report.xsd" name="RestWebServiceTest" time="2.549" tests="19" errors="0" skipped="0" failures="0">
  <properties>
    <property name="gopherProxySet" value="false"/>
    <property name="awt.toolkit" value="sun.lwawt.macosx.LWCToolkit"/>
    <property name="java.specification.version" value="11"/>
    <property name="sun.cpu.isalist" value=""/>
    <property name="sun.jnu.encoding" value="UTF-8"/>
    <property name="java.class.path" value="/Users/saurabhnalgirkar/GitHubProjects/task/target/test-classes:/Users/saurabhnalgirkar/GitHubProjects/task/target/classes:/Users/saurabhnalgirkar/.m2/repository/org/codehaus/groovy/groovy/2.5.8/groovy-2.5.8.jar:/Users/saurabhnalgirkar/.m2/repository/org/codehaus/groovy/groovy-ant/2.5.8/groovy-ant-2.5.8.jar:/Users/saurabhnalgirkar/.m2/repository/org/apache/ant/ant/1.9.13/ant-1.9.13.jar:/Users/saurabhnalgirkar/.m2/repository/org/apache/ant/ant-junit/1.9.13/ant-junit-1.9.13.jar:/Users/saurabhnalgirkar/.m2/repository/org/apache/ant/ant-launcher/1.9.13/ant-launcher-1.9.13.jar:/Users/saurabhnalgirkar/.m2/repository/org/apache/ant/ant-antlr/1.9.13/ant-antlr-1.9.13.jar:/Users/saurabhnalgirkar/.m2/repository/org/codehaus/groovy/groovy-cli-commons/2.5.8/groovy-cli-commons-2.5.8.jar:/Users/saurabhnalgirkar/.m2/repository/commons-cli/commons-cli/1.4/commons-cli-1.4.jar:/Users/saurabhnalgirkar/.m2/repository/org/codehaus/groovy/groovy-cli-picocli/2.5.8/groovy-cli-picocli-2.5.8.jar:/Users/saurabhnalgirkar/.m2/repository/info/picocli/picocli/4.0.1/picocli-4.0.1.jar:/Users/saurabhnalgirkar/.m2/repository/org/codehaus/groovy/groovy-console/2.5.8/groovy-console-2.5.8.jar:/Users/saurabhnalgirkar/.m2/repository/org/codehaus/groovy/groovy-datetime/2.5.8/groovy-datetime-2.5.8.jar:/Users/saurabhnalgirkar/.m2/repository/org/codehaus/groovy/groovy-docgenerator/2.5.8/groovy-docgenerator-2.5.8.jar:/Users/saurabhnalgirkar/.m2/repository/com/thoughtworks/qdox/qdox/1.12.1/qdox-1.12.1.jar:/Users/saurabhnalgirkar/.m2/repository/org/codehaus/groovy/groovy-groovydoc/2.5.8/groovy-groovydoc-2.5.8.jar:/Users/saurabhnalgirkar/.m2/repository/org/codehaus/groovy/groovy-groovysh/2.5.8/groovy-groovysh-2.5.8.jar:/Users/saurabhnalgirkar/.m2/repository/jline/jline/2.14.6/jline-2.14.6.jar:/Users/saurabhnalgirkar/.m2/repository/org/codehaus/groovy/groovy-jmx/2.5.8/groovy-jmx-2.5.8.jar:/Users/saurabhnalgirkar/.m2/repository/org/codehaus/groovy/groovy-json/2.5.8/groovy-json-2.5.8.jar:/Users/saurabhnalgirkar/.m2/repository/org/codehaus/groovy/groovy-jsr223/2.5.8/groovy-jsr223-2.5.8.jar:/Users/saurabhnalgirkar/.m2/repository/org/codehaus/groovy/groovy-macro/2.5.8/groovy-macro-2.5.8.jar:/Users/saurabhnalgirkar/.m2/repository/org/codehaus/groovy/groovy-nio/2.5.8/groovy-nio-2.5.8.jar:/Users/saurabhnalgirkar/.m2/repository/org/codehaus/groovy/groovy-servlet/2.5.8/groovy-servlet-2.5.8.jar:/Users/saurabhnalgirkar/.m2/repository/org/codehaus/groovy/groovy-sql/2.5.8/groovy-sql-2.5.8.jar:/Users/saurabhnalgirkar/.m2/repository/org/codehaus/groovy/groovy-swing/2.5.8/groovy-swing-2.5.8.jar:/Users/saurabhnalgirkar/.m2/repository/org/codehaus/groovy/groovy-templates/2.5.8/groovy-templates-2.5.8.jar:/Users/saurabhnalgirkar/.m2/repository/org/codehaus/groovy/groovy-test/2.5.8/groovy-test-2.5.8.jar:/Users/saurabhnalgirkar/.m2/repository/org/codehaus/groovy/groovy-test-junit5/2.5.8/groovy-test-junit5-2.5.8.jar:/Users/saurabhnalgirkar/.m2/repository/org/junit/platform/junit-platform-launcher/1.4.0/junit-platform-launcher-1.4.0.jar:/Users/saurabhnalgirkar/.m2/repository/org/apiguardian/apiguardian-api/1.0.0/apiguardian-api-1.0.0.jar:/Users/saurabhnalgirkar/.m2/repository/org/junit/platform/junit-platform-engine/1.4.0/junit-platform-engine-1.4.0.jar:/Users/saurabhnalgirkar/.m2/repository/org/opentest4j/opentest4j/1.1.1/opentest4j-1.1.1.jar:/Users/saurabhnalgirkar/.m2/repository/org/junit/platform/junit-platform-commons/1.4.0/junit-platform-commons-1.4.0.jar:/Users/saurabhnalgirkar/.m2/repository/org/junit/jupiter/junit-jupiter-engine/5.4.0/junit-jupiter-engine-5.4.0.jar:/Users/saurabhnalgirkar/.m2/repository/org/junit/jupiter/junit-jupiter-api/5.4.0/junit-jupiter-api-5.4.0.jar:/Users/saurabhnalgirkar/.m2/repository/org/codehaus/groovy/groovy-testng/2.5.8/groovy-testng-2.5.8.jar:/Users/saurabhnalgirkar/.m2/repository/org/testng/testng/6.13.1/testng-6.13.1.jar:/Users/saurabhnalgirkar/.m2/repository/com/beust/jcommander/1.72/jcommander-1.72.jar:/Users/saurabhnalgirkar/.m2/repository/org/codehaus/groovy/groovy-xml/2.5.8/groovy-xml-2.5.8.jar:/Users/saurabhnalgirkar/.m2/repository/org/hamcrest/hamcrest-all/1.3/hamcrest-all-1.3.jar:/Users/saurabhnalgirkar/.m2/repository/io/rest-assured/rest-assured/4.0.0/rest-assured-4.0.0.jar:/Users/saurabhnalgirkar/.m2/repository/org/apache/httpcomponents/httpclient/4.5.3/httpclient-4.5.3.jar:/Users/saurabhnalgirkar/.m2/repository/org/apache/httpcomponents/httpcore/4.4.6/httpcore-4.4.6.jar:/Users/saurabhnalgirkar/.m2/repository/commons-codec/commons-codec/1.9/commons-codec-1.9.jar:/Users/saurabhnalgirkar/.m2/repository/org/apache/httpcomponents/httpmime/4.5.3/httpmime-4.5.3.jar:/Users/saurabhnalgirkar/.m2/repository/org/hamcrest/hamcrest-core/2.1/hamcrest-core-2.1.jar:/Users/saurabhnalgirkar/.m2/repository/org/hamcrest/hamcrest/2.1/hamcrest-2.1.jar:/Users/saurabhnalgirkar/.m2/repository/org/hamcrest/hamcrest-library/2.1/hamcrest-library-2.1.jar:/Users/saurabhnalgirkar/.m2/repository/org/ccil/cowan/tagsoup/tagsoup/1.2.1/tagsoup-1.2.1.jar:/Users/saurabhnalgirkar/.m2/repository/io/rest-assured/json-path/4.0.0/json-path-4.0.0.jar:/Users/saurabhnalgirkar/.m2/repository/io/rest-assured/rest-assured-common/4.0.0/rest-assured-common-4.0.0.jar:/Users/saurabhnalgirkar/.m2/repository/io/rest-assured/xml-path/4.0.0/xml-path-4.0.0.jar:/Users/saurabhnalgirkar/.m2/repository/io/rest-assured/rest-assured-all/4.0.0/rest-assured-all-4.0.0.jar:/Users/saurabhnalgirkar/.m2/repository/org/apache/commons/commons-lang3/3.4/commons-lang3-3.4.jar:/Users/saurabhnalgirkar/.m2/repository/javax/xml/bind/jaxb-api/2.2.12/jaxb-api-2.2.12.jar:/Users/saurabhnalgirkar/.m2/repository/com/sun/xml/bind/jaxb-osgi/2.2.10/jaxb-osgi-2.2.10.jar:/Users/saurabhnalgirkar/.m2/repository/org/apache/sling/org.apache.sling.javax.activation/0.1.0/org.apache.sling.javax.activation-0.1.0.jar:/Users/saurabhnalgirkar/.m2/repository/javax/activation/activation/1.1.1/activation-1.1.1.jar:/Users/saurabhnalgirkar/.m2/repository/commons-logging/commons-logging/1.2/commons-logging-1.2.jar:/Users/saurabhnalgirkar/.m2/repository/org/spockframework/spock-core/1.3-groovy-2.5/spock-core-1.3-groovy-2.5.jar:/Users/saurabhnalgirkar/.m2/repository/junit/junit/4.12/junit-4.12.jar:/Users/saurabhnalgirkar/.m2/repository/com/athaydes/spock-reports/1.6.2/spock-reports-1.6.2.jar:/Users/saurabhnalgirkar/.m2/repository/org/slf4j/slf4j-api/1.7.13/slf4j-api-1.7.13.jar:/Users/saurabhnalgirkar/.m2/repository/org/slf4j/slf4j-simple/1.7.13/slf4j-simple-1.7.13.jar:/Users/saurabhnalgirkar/.m2/repository/org/json/json/20180813/json-20180813.jar:/Users/saurabhnalgirkar/.m2/repository/com/fasterxml/jackson/core/jackson-databind/2.9.5/jackson-databind-2.9.5.jar:/Users/saurabhnalgirkar/.m2/repository/com/fasterxml/jackson/core/jackson-annotations/2.9.0/jackson-annotations-2.9.0.jar:/Users/saurabhnalgirkar/.m2/repository/com/fasterxml/jackson/core/jackson-core/2.9.5/jackson-core-2.9.5.jar:/Users/saurabhnalgirkar/.m2/repository/com/codeborne/selenide/5.12.2/selenide-5.12.2.jar:/Users/saurabhnalgirkar/.m2/repository/org/seleniumhq/selenium/selenium-java/3.141.59/selenium-java-3.141.59.jar:/Users/saurabhnalgirkar/.m2/repository/org/seleniumhq/selenium/selenium-api/3.141.59/selenium-api-3.141.59.jar:/Users/saurabhnalgirkar/.m2/repository/org/seleniumhq/selenium/selenium-chrome-driver/3.141.59/selenium-chrome-driver-3.141.59.jar:/Users/saurabhnalgirkar/.m2/repository/org/seleniumhq/selenium/selenium-edge-driver/3.141.59/selenium-edge-driver-3.141.59.jar:/Users/saurabhnalgirkar/.m2/repository/org/seleniumhq/selenium/selenium-firefox-driver/3.141.59/selenium-firefox-driver-3.141.59.jar:/Users/saurabhnalgirkar/.m2/repository/org/seleniumhq/selenium/selenium-ie-driver/3.141.59/selenium-ie-driver-3.141.59.jar:/Users/saurabhnalgirkar/.m2/repository/org/seleniumhq/selenium/selenium-opera-driver/3.141.59/selenium-opera-driver-3.141.59.jar:/Users/saurabhnalgirkar/.m2/repository/org/seleniumhq/selenium/selenium-remote-driver/3.141.59/selenium-remote-driver-3.141.59.jar:/Users/saurabhnalgirkar/.m2/repository/org/seleniumhq/selenium/selenium-safari-driver/3.141.59/selenium-safari-driver-3.141.59.jar:/Users/saurabhnalgirkar/.m2/repository/org/seleniumhq/selenium/selenium-support/3.141.59/selenium-support-3.141.59.jar:/Users/saurabhnalgirkar/.m2/repository/org/apache/commons/commons-exec/1.3/commons-exec-1.3.jar:/Users/saurabhnalgirkar/.m2/repository/com/google/guava/guava/25.0-jre/guava-25.0-jre.jar:/Users/saurabhnalgirkar/.m2/repository/com/google/code/findbugs/jsr305/1.3.9/jsr305-1.3.9.jar:/Users/saurabhnalgirkar/.m2/repository/org/checkerframework/checker-compat-qual/2.0.0/checker-compat-qual-2.0.0.jar:/Users/saurabhnalgirkar/.m2/repository/com/google/errorprone/error_prone_annotations/2.1.3/error_prone_annotations-2.1.3.jar:/Users/saurabhnalgirkar/.m2/repository/com/google/j2objc/j2objc-annotations/1.1/j2objc-annotations-1.1.jar:/Users/saurabhnalgirkar/.m2/repository/org/codehaus/mojo/animal-sniffer-annotations/1.14/animal-sniffer-annotations-1.14.jar:/Users/saurabhnalgirkar/.m2/repository/com/squareup/okhttp3/okhttp/3.11.0/okhttp-3.11.0.jar:/Users/saurabhnalgirkar/.m2/repository/com/squareup/okio/okio/1.14.0/okio-1.14.0.jar:/Users/saurabhnalgirkar/.m2/repository/io/github/bonigarcia/webdrivermanager/4.0.0/webdrivermanager-4.0.0.jar:/Users/saurabhnalgirkar/.m2/repository/commons-io/commons-io/2.6/commons-io-2.6.jar:/Users/saurabhnalgirkar/.m2/repository/com/google/code/gson/gson/2.8.6/gson-2.8.6.jar:/Users/saurabhnalgirkar/.m2/repository/org/rauschig/jarchivelib/1.0.0/jarchivelib-1.0.0.jar:/Users/saurabhnalgirkar/.m2/repository/org/apache/commons/commons-compress/1.18/commons-compress-1.18.jar:/Users/saurabhnalgirkar/.m2/repository/org/jsoup/jsoup/1.13.1/jsoup-1.13.1.jar:/Users/saurabhnalgirkar/.m2/repository/org/apache/httpcomponents/client5/httpclient5/5.0/httpclient5-5.0.jar:/Users/saurabhnalgirkar/.m2/repository/org/apache/httpcomponents/core5/httpcore5/5.0/httpcore5-5.0.jar:/Users/saurabhnalgirkar/.m2/repository/io/qameta/allure/allure-selenide/2.13.0/allure-selenide-2.13.0.jar:/Users/saurabhnalgirkar/.m2/repository/io/qameta/allure/allure-java-commons/2.13.0/allure-java-commons-2.13.0.jar:/Users/saurabhnalgirkar/.m2/repository/io/qameta/allure/allure-model/2.13.0/allure-model-2.13.0.jar:/Users/saurabhnalgirkar/.m2/repository/org/apache/tika/tika-core/1.20/tika-core-1.20.jar:/Users/saurabhnalgirkar/.m2/repository/org/jooq/joor-java-8/0.9.10/joor-java-8-0.9.10.jar:/Users/saurabhnalgirkar/.m2/repository/com/deque/axe-selenium/3.0/axe-selenium-3.0.jar:"/>
    <property name="java.vm.vendor" value="AdoptOpenJDK"/>
    <property name="sun.arch.data.model" value="64"/>
    <property name="selectBrowser" value="safari"/>
    <property name="java.vendor.url" value="https://adoptopenjdk.net/"/>
    <property name="user.timezone" value=""/>
    <property name="java.vm.specification.version" value="11"/>
    <property name="os.name" value="Mac OS X"/>
    <property name="sun.java.launcher" value="SUN_STANDARD"/>
    <property name="user.country" value="US"/>
    <property name="sun.boot.library.path" value="/Users/saurabhnalgirkar/.sdkman/candidates/java/11.0.5.hs-adpt/lib"/>
    <property name="sun.java.command" value="/Users/saurabhnalgirkar/GitHubProjects/task/target/surefire/surefirebooter1899560806628429990.jar /Users/saurabhnalgirkar/GitHubProjects/task/target/surefire 2021-02-12T22-17-53_614-jvmRun1 surefire8757201324900613656tmp surefire_03011362029922561487tmp"/>
    <property name="http.nonProxyHosts" value="local|*.local|169.254/16|*.169.254/16"/>
    <property name="jdk.debug" value="release"/>
    <property name="surefire.test.class.path" value="/Users/saurabhnalgirkar/GitHubProjects/task/target/test-classes:/Users/saurabhnalgirkar/GitHubProjects/task/target/classes:/Users/saurabhnalgirkar/.m2/repository/org/codehaus/groovy/groovy/2.5.8/groovy-2.5.8.jar:/Users/saurabhnalgirkar/.m2/repository/org/codehaus/groovy/groovy-ant/2.5.8/groovy-ant-2.5.8.jar:/Users/saurabhnalgirkar/.m2/repository/org/apache/ant/ant/1.9.13/ant-1.9.13.jar:/Users/saurabhnalgirkar/.m2/repository/org/apache/ant/ant-junit/1.9.13/ant-junit-1.9.13.jar:/Users/saurabhnalgirkar/.m2/repository/org/apache/ant/ant-launcher/1.9.13/ant-launcher-1.9.13.jar:/Users/saurabhnalgirkar/.m2/repository/org/apache/ant/ant-antlr/1.9.13/ant-antlr-1.9.13.jar:/Users/saurabhnalgirkar/.m2/repository/org/codehaus/groovy/groovy-cli-commons/2.5.8/groovy-cli-commons-2.5.8.jar:/Users/saurabhnalgirkar/.m2/repository/commons-cli/commons-cli/1.4/commons-cli-1.4.jar:/Users/saurabhnalgirkar/.m2/repository/org/codehaus/groovy/groovy-cli-picocli/2.5.8/groovy-cli-picocli-2.5.8.jar:/Users/saurabhnalgirkar/.m2/repository/info/picocli/picocli/4.0.1/picocli-4.0.1.jar:/Users/saurabhnalgirkar/.m2/repository/org/codehaus/groovy/groovy-console/2.5.8/groovy-console-2.5.8.jar:/Users/saurabhnalgirkar/.m2/repository/org/codehaus/groovy/groovy-datetime/2.5.8/groovy-datetime-2.5.8.jar:/Users/saurabhnalgirkar/.m2/repository/org/codehaus/groovy/groovy-docgenerator/2.5.8/groovy-docgenerator-2.5.8.jar:/Users/saurabhnalgirkar/.m2/repository/com/thoughtworks/qdox/qdox/1.12.1/qdox-1.12.1.jar:/Users/saurabhnalgirkar/.m2/repository/org/codehaus/groovy/groovy-groovydoc/2.5.8/groovy-groovydoc-2.5.8.jar:/Users/saurabhnalgirkar/.m2/repository/org/codehaus/groovy/groovy-groovysh/2.5.8/groovy-groovysh-2.5.8.jar:/Users/saurabhnalgirkar/.m2/repository/jline/jline/2.14.6/jline-2.14.6.jar:/Users/saurabhnalgirkar/.m2/repository/org/codehaus/groovy/groovy-jmx/2.5.8/groovy-jmx-2.5.8.jar:/Users/saurabhnalgirkar/.m2/repository/org/codehaus/groovy/groovy-json/2.5.8/groovy-json-2.5.8.jar:/Users/saurabhnalgirkar/.m2/repository/org/codehaus/groovy/groovy-jsr223/2.5.8/groovy-jsr223-2.5.8.jar:/Users/saurabhnalgirkar/.m2/repository/org/codehaus/groovy/groovy-macro/2.5.8/groovy-macro-2.5.8.jar:/Users/saurabhnalgirkar/.m2/repository/org/codehaus/groovy/groovy-nio/2.5.8/groovy-nio-2.5.8.jar:/Users/saurabhnalgirkar/.m2/repository/org/codehaus/groovy/groovy-servlet/2.5.8/groovy-servlet-2.5.8.jar:/Users/saurabhnalgirkar/.m2/repository/org/codehaus/groovy/groovy-sql/2.5.8/groovy-sql-2.5.8.jar:/Users/saurabhnalgirkar/.m2/repository/org/codehaus/groovy/groovy-swing/2.5.8/groovy-swing-2.5.8.jar:/Users/saurabhnalgirkar/.m2/repository/org/codehaus/groovy/groovy-templates/2.5.8/groovy-templates-2.5.8.jar:/Users/saurabhnalgirkar/.m2/repository/org/codehaus/groovy/groovy-test/2.5.8/groovy-test-2.5.8.jar:/Users/saurabhnalgirkar/.m2/repository/org/codehaus/groovy/groovy-test-junit5/2.5.8/groovy-test-junit5-2.5.8.jar:/Users/saurabhnalgirkar/.m2/repository/org/junit/platform/junit-platform-launcher/1.4.0/junit-platform-launcher-1.4.0.jar:/Users/saurabhnalgirkar/.m2/repository/org/apiguardian/apiguardian-api/1.0.0/apiguardian-api-1.0.0.jar:/Users/saurabhnalgirkar/.m2/repository/org/junit/platform/junit-platform-engine/1.4.0/junit-platform-engine-1.4.0.jar:/Users/saurabhnalgirkar/.m2/repository/org/opentest4j/opentest4j/1.1.1/opentest4j-1.1.1.jar:/Users/saurabhnalgirkar/.m2/repository/org/junit/platform/junit-platform-commons/1.4.0/junit-platform-commons-1.4.0.jar:/Users/saurabhnalgirkar/.m2/repository/org/junit/jupiter/junit-jupiter-engine/5.4.0/junit-jupiter-engine-5.4.0.jar:/Users/saurabhnalgirkar/.m2/repository/org/junit/jupiter/junit-jupiter-api/5.4.0/junit-jupiter-api-5.4.0.jar:/Users/saurabhnalgirkar/.m2/repository/org/codehaus/groovy/groovy-testng/2.5.8/groovy-testng-2.5.8.jar:/Users/saurabhnalgirkar/.m2/repository/org/testng/testng/6.13.1/testng-6.13.1.jar:/Users/saurabhnalgirkar/.m2/repository/com/beust/jcommander/1.72/jcommander-1.72.jar:/Users/saurabhnalgirkar/.m2/repository/org/codehaus/groovy/groovy-xml/2.5.8/groovy-xml-2.5.8.jar:/Users/saurabhnalgirkar/.m2/repository/org/hamcrest/hamcrest-all/1.3/hamcrest-all-1.3.jar:/Users/saurabhnalgirkar/.m2/repository/io/rest-assured/rest-assured/4.0.0/rest-assured-4.0.0.jar:/Users/saurabhnalgirkar/.m2/repository/org/apache/httpcomponents/httpclient/4.5.3/httpclient-4.5.3.jar:/Users/saurabhnalgirkar/.m2/repository/org/apache/httpcomponents/httpcore/4.4.6/httpcore-4.4.6.jar:/Users/saurabhnalgirkar/.m2/repository/commons-codec/commons-codec/1.9/commons-codec-1.9.jar:/Users/saurabhnalgirkar/.m2/repository/org/apache/httpcomponents/httpmime/4.5.3/httpmime-4.5.3.jar:/Users/saurabhnalgirkar/.m2/repository/org/hamcrest/hamcrest-core/2.1/hamcrest-core-2.1.jar:/Users/saurabhnalgirkar/.m2/repository/org/hamcrest/hamcrest/2.1/hamcrest-2.1.jar:/Users/saurabhnalgirkar/.m2/repository/org/hamcrest/hamcrest-library/2.1/hamcrest-library-2.1.jar:/Users/saurabhnalgirkar/.m2/repository/org/ccil/cowan/tagsoup/tagsoup/1.2.1/tagsoup-1.2.1.jar:/Users/saurabhnalgirkar/.m2/repository/io/rest-assured/json-path/4.0.0/json-path-4.0.0.jar:/Users/saurabhnalgirkar/.m2/repository/io/rest-assured/rest-assured-common/4.0.0/rest-assured-common-4.0.0.jar:/Users/saurabhnalgirkar/.m2/repository/io/rest-assured/xml-path/4.0.0/xml-path-4.0.0.jar:/Users/saurabhnalgirkar/.m2/repository/io/rest-assured/rest-assured-all/4.0.0/rest-assured-all-4.0.0.jar:/Users/saurabhnalgirkar/.m2/repository/org/apache/commons/commons-lang3/3.4/commons-lang3-3.4.jar:/Users/saurabhnalgirkar/.m2/repository/javax/xml/bind/jaxb-api/2.2.12/jaxb-api-2.2.12.jar:/Users/saurabhnalgirkar/.m2/repository/com/sun/xml/bind/jaxb-osgi/2.2.10/jaxb-osgi-2.2.10.jar:/Users/saurabhnalgirkar/.m2/repository/org/apache/sling/org.apache.sling.javax.activation/0.1.0/org.apache.sling.javax.activation-0.1.0.jar:/Users/saurabhnalgirkar/.m2/repository/javax/activation/activation/1.1.1/activation-1.1.1.jar:/Users/saurabhnalgirkar/.m2/repository/commons-logging/commons-logging/1.2/commons-logging-1.2.jar:/Users/saurabhnalgirkar/.m2/repository/org/spockframework/spock-core/1.3-groovy-2.5/spock-core-1.3-groovy-2.5.jar:/Users/saurabhnalgirkar/.m2/repository/junit/junit/4.12/junit-4.12.jar:/Users/saurabhnalgirkar/.m2/repository/com/athaydes/spock-reports/1.6.2/spock-reports-1.6.2.jar:/Users/saurabhnalgirkar/.m2/repository/org/slf4j/slf4j-api/1.7.13/slf4j-api-1.7.13.jar:/Users/saurabhnalgirkar/.m2/repository/org/slf4j/slf4j-simple/1.7.13/slf4j-simple-1.7.13.jar:/Users/saurabhnalgirkar/.m2/repository/org/json/json/20180813/json-20180813.jar:/Users/saurabhnalgirkar/.m2/repository/com/fasterxml/jackson/core/jackson-databind/2.9.5/jackson-databind-2.9.5.jar:/Users/saurabhnalgirkar/.m2/repository/com/fasterxml/jackson/core/jackson-annotations/2.9.0/jackson-annotations-2.9.0.jar:/Users/saurabhnalgirkar/.m2/repository/com/fasterxml/jackson/core/jackson-core/2.9.5/jackson-core-2.9.5.jar:/Users/saurabhnalgirkar/.m2/repository/com/codeborne/selenide/5.12.2/selenide-5.12.2.jar:/Users/saurabhnalgirkar/.m2/repository/org/seleniumhq/selenium/selenium-java/3.141.59/selenium-java-3.141.59.jar:/Users/saurabhnalgirkar/.m2/repository/org/seleniumhq/selenium/selenium-api/3.141.59/selenium-api-3.141.59.jar:/Users/saurabhnalgirkar/.m2/repository/org/seleniumhq/selenium/selenium-chrome-driver/3.141.59/selenium-chrome-driver-3.141.59.jar:/Users/saurabhnalgirkar/.m2/repository/org/seleniumhq/selenium/selenium-edge-driver/3.141.59/selenium-edge-driver-3.141.59.jar:/Users/saurabhnalgirkar/.m2/repository/org/seleniumhq/selenium/selenium-firefox-driver/3.141.59/selenium-firefox-driver-3.141.59.jar:/Users/saurabhnalgirkar/.m2/repository/org/seleniumhq/selenium/selenium-ie-driver/3.141.59/selenium-ie-driver-3.141.59.jar:/Users/saurabhnalgirkar/.m2/repository/org/seleniumhq/selenium/selenium-opera-driver/3.141.59/selenium-opera-driver-3.141.59.jar:/Users/saurabhnalgirkar/.m2/repository/org/seleniumhq/selenium/selenium-remote-driver/3.141.59/selenium-remote-driver-3.141.59.jar:/Users/saurabhnalgirkar/.m2/repository/org/seleniumhq/selenium/selenium-safari-driver/3.141.59/selenium-safari-driver-3.141.59.jar:/Users/saurabhnalgirkar/.m2/repository/org/seleniumhq/selenium/selenium-support/3.141.59/selenium-support-3.141.59.jar:/Users/saurabhnalgirkar/.m2/repository/org/apache/commons/commons-exec/1.3/commons-exec-1.3.jar:/Users/saurabhnalgirkar/.m2/repository/com/google/guava/guava/25.0-jre/guava-25.0-jre.jar:/Users/saurabhnalgirkar/.m2/repository/com/google/code/findbugs/jsr305/1.3.9/jsr305-1.3.9.jar:/Users/saurabhnalgirkar/.m2/repository/org/checkerframework/checker-compat-qual/2.0.0/checker-compat-qual-2.0.0.jar:/Users/saurabhnalgirkar/.m2/repository/com/google/errorprone/error_prone_annotations/2.1.3/error_prone_annotations-2.1.3.jar:/Users/saurabhnalgirkar/.m2/repository/com/google/j2objc/j2objc-annotations/1.1/j2objc-annotations-1.1.jar:/Users/saurabhnalgirkar/.m2/repository/org/codehaus/mojo/animal-sniffer-annotations/1.14/animal-sniffer-annotations-1.14.jar:/Users/saurabhnalgirkar/.m2/repository/com/squareup/okhttp3/okhttp/3.11.0/okhttp-3.11.0.jar:/Users/saurabhnalgirkar/.m2/repository/com/squareup/okio/okio/1.14.0/okio-1.14.0.jar:/Users/saurabhnalgirkar/.m2/repository/io/github/bonigarcia/webdrivermanager/4.0.0/webdrivermanager-4.0.0.jar:/Users/saurabhnalgirkar/.m2/repository/commons-io/commons-io/2.6/commons-io-2.6.jar:/Users/saurabhnalgirkar/.m2/repository/com/google/code/gson/gson/2.8.6/gson-2.8.6.jar:/Users/saurabhnalgirkar/.m2/repository/org/rauschig/jarchivelib/1.0.0/jarchivelib-1.0.0.jar:/Users/saurabhnalgirkar/.m2/repository/org/apache/commons/commons-compress/1.18/commons-compress-1.18.jar:/Users/saurabhnalgirkar/.m2/repository/org/jsoup/jsoup/1.13.1/jsoup-1.13.1.jar:/Users/saurabhnalgirkar/.m2/repository/org/apache/httpcomponents/client5/httpclient5/5.0/httpclient5-5.0.jar:/Users/saurabhnalgirkar/.m2/repository/org/apache/httpcomponents/core5/httpcore5/5.0/httpcore5-5.0.jar:/Users/saurabhnalgirkar/.m2/repository/io/qameta/allure/allure-selenide/2.13.0/allure-selenide-2.13.0.jar:/Users/saurabhnalgirkar/.m2/repository/io/qameta/allure/allure-java-commons/2.13.0/allure-java-commons-2.13.0.jar:/Users/saurabhnalgirkar/.m2/repository/io/qameta/allure/allure-model/2.13.0/allure-model-2.13.0.jar:/Users/saurabhnalgirkar/.m2/repository/org/apache/tika/tika-core/1.20/tika-core-1.20.jar:/Users/saurabhnalgirkar/.m2/repository/org/jooq/joor-java-8/0.9.10/joor-java-8-0.9.10.jar:/Users/saurabhnalgirkar/.m2/repository/com/deque/axe-selenium/3.0/axe-selenium-3.0.jar:"/>
    <property name="sun.cpu.endian" value="little"/>
    <property name="user.home" value="/Users/saurabhnalgirkar"/>
    <property name="user.language" value="en"/>
    <property name="java.specification.vendor" value="Oracle Corporation"/>
    <property name="java.version.date" value="2019-10-15"/>
    <property name="java.home" value="/Users/saurabhnalgirkar/.sdkman/candidates/java/11.0.5.hs-adpt"/>
    <property name="file.separator" value="/"/>
    <property name="basedir" value="/Users/saurabhnalgirkar/GitHubProjects/task"/>
    <property name="java.vm.compressedOopsMode" value="Zero based"/>
    <property name="line.separator" value="&#10;"/>
    <property name="java.specification.name" value="Java Platform API Specification"/>
    <property name="java.vm.specification.vendor" value="Oracle Corporation"/>
    <property name="java.awt.graphicsenv" value="sun.awt.CGraphicsEnvironment"/>
    <property name="surefire.real.class.path" value="/Users/saurabhnalgirkar/GitHubProjects/task/target/surefire/surefirebooter1899560806628429990.jar"/>
    <property name="sun.management.compiler" value="HotSpot 64-Bit Tiered Compilers"/>
    <property name="ftp.nonProxyHosts" value="local|*.local|169.254/16|*.169.254/16"/>
    <property name="java.runtime.version" value="11.0.5+10"/>
    <property name="user.name" value="saurabhnalgirkar"/>
    <property name="path.separator" value=":"/>
    <property name="os.version" value="10.16"/>
    <property name="java.runtime.name" value="OpenJDK Runtime Environment"/>
    <property name="file.encoding" value="UTF-8"/>
    <property name="java.vm.name" value="OpenJDK 64-Bit Server VM"/>
    <property name="java.vendor.version" value="AdoptOpenJDK"/>
    <property name="localRepository" value="/Users/saurabhnalgirkar/.m2/repository"/>
    <property name="java.vendor.url.bug" value="https://github.com/AdoptOpenJDK/openjdk-build/issues"/>
    <property name="java.io.tmpdir" value="/var/folders/yl/q259vqdj6cz9clcqrvpzg52c0000gn/T/"/>
    <property name="java.version" value="11.0.5"/>
    <property name="user.dir" value="/Users/saurabhnalgirkar/GitHubProjects/task"/>
    <property name="os.arch" value="x86_64"/>
    <property name="java.vm.specification.name" value="Java Virtual Machine Specification"/>
    <property name="java.awt.printerjob" value="sun.lwawt.macosx.CPrinterJob"/>
    <property name="env" value="local"/>
    <property name="sun.os.patch.level" value="unknown"/>
    <property name="java.library.path" value="/Users/saurabhnalgirkar/Library/Java/Extensions:/Library/Java/Extensions:/Network/Library/Java/Extensions:/System/Library/Java/Extensions:/usr/lib/java:."/>
    <property name="java.vendor" value="AdoptOpenJDK"/>
    <property name="java.vm.info" value="mixed mode"/>
    <property name="java.vm.version" value="11.0.5+10"/>
    <property name="sun.io.unicode.encoding" value="UnicodeBig"/>
    <property name="java.class.version" value="55.0"/>
    <property name="socksNonProxyHosts" value="local|*.local|169.254/16|*.169.254/16"/>
  </properties>
  <testcase name="GET Method Test For Value Pair: 50 add 20" classname="RestWebServiceTest" time="0.913"/>
  <testcase name="GET Method Test For Value Pair: 800 subtract 141" classname="RestWebServiceTest" time="0.094"/>
  <testcase name="GET Method Test For Value Pair: 92 multiply 92" classname="RestWebServiceTest" time="0.08"/>
  <testcase name="GET Method Test For Value Pair: 90 divide 15" classname="RestWebServiceTest" time="0.084"/>
  <testcase name="GET Method Test For Value Pair: 2147483647 add 2147483647" classname="RestWebServiceTest" time="0.052"/>
  <testcase name="GET Method Test For Value Pair: 2147483647 subtract 2147483647" classname="RestWebServiceTest" time="0.066"/>
  <testcase name="GET Method Test For Value Pair: 2147483647 multiply -2147483648" classname="RestWebServiceTest" time="0.054"/>
  <testcase name="GET Method Test For Value Pair: 2147483647 divide 2147483647" classname="RestWebServiceTest" time="0.069"/>
  <testcase name="GET Method Test For Value Pair: 5 aaa 4" classname="RestWebServiceTest" time="0.287"/>
  <testcase name="POST Method Test For Value Pair: 50 add 20" classname="RestWebServiceTest" time="0.097"/>
  <testcase name="POST Method Test For Value Pair: 800 sub 141" classname="RestWebServiceTest" time="0.049"/>
  <testcase name="POST Method Test For Value Pair: 92 mul 92" classname="RestWebServiceTest" time="0.056"/>
  <testcase name="POST Method Test For Value Pair: 90 div 15" classname="RestWebServiceTest" time="0.053"/>
  <testcase name="POST Method Test For Value Pair: 2147483647 add 2147483647" classname="RestWebServiceTest" time="0.045"/>
  <testcase name="POST Method Test For Value Pair: 2147483647 sub 2147483647" classname="RestWebServiceTest" time="0.043"/>
  <testcase name="POST Method Test For Value Pair: 2147483647 mul -2147483648" classname="RestWebServiceTest" time="0.08"/>
  <testcase name="POST Method Test For Value Pair: 2147483647 div -2147483648" classname="RestWebServiceTest" time="0.056"/>
  <testcase name="POST Method Test For Value Pair: 5 aaa 4" classname="RestWebServiceTest" time="0.051"/>
  <testcase name="Invalid Method Test" classname="RestWebServiceTest" time="0.102"/>
</testsuite>